----- Extracted Compile Errors from Editor.log at 2025-09-25T07:52:05.3513846+09:00 -----
Count=261

Assets\Scripts\Game\Managers\VastcoreGameManager.cs(6,16): error CS0234: The type or namespace name 'Terrain' does not exist in the namespace 'Vastcore' (are you missing an assembly reference?)
Assets\Scripts\Game\Managers\VastcoreGameManager.cs(8,16): error CS0234: The type or namespace name 'UI' does not exist in the namespace 'Vastcore' (are you missing an assembly reference?)
Assets\Scripts\Game\Managers\VastcoreGameManager.cs(23,34): error CS0246: The type or namespace name 'TerrainGenerator' could not be found (are you missing a using directive or an assembly reference?)
Assets\Scripts\Game\Managers\VastcoreGameManager.cs(24,34): error CS0246: The type or namespace name 'TitleScreenManager' could not be found (are you missing a using directive or an assembly reference?)
Assets\Editor\StructureGenerator\Map\BiomePresetManagerEditor.cs(3,16): error CS0234: The type or namespace name 'Terrain' does not exist in the namespace 'Vastcore' (are you missing an assembly reference?)
Assets\Editor\StructureGenerator\Map\BiomePresetManagerEditor.cs(10,26): error CS0246: The type or namespace name 'BiomePresetManager' could not be found (are you missing a using directive or an assembly reference?)
Assets\Tests\Runtime\DeformIntegrationTest.cs(2,13): error CS0234: The type or namespace name 'ProBuilder' does not exist in the namespace 'Unity' (are you missing an assembly reference?)
Assets\Tests\Runtime\BiomePresetManagerTest.cs(19,16): error CS0246: The type or namespace name 'BiomePresetManager' could not be found (are you missing a using directive or an assembly reference?)
Assets\Tests\Runtime\BiomeSpecificTerrainGeneratorTest.cs(746,16): error CS0246: The type or namespace name 'BiomeType' could not be found (are you missing a using directive or an assembly reference?)
Assets\Tests\Runtime\ComprehensiveSystemTest.cs(29,34): error CS0246: The type or namespace name 'RuntimeTerrainManager' could not be found (are you missing a using directive or an assembly reference?)
Assets\Tests\Runtime\ComprehensiveSystemTest.cs(30,34): error CS0246: The type or namespace name 'PrimitiveTerrainManager' could not be found (are you missing a using directive or an assembly reference?)
Assets\Tests\Runtime\ComprehensiveSystemTest.cs(31,34): error CS0246: The type or namespace name 'RuntimeGenerationManager' could not be found (are you missing a using directive or an assembly reference?)
Assets\Tests\Runtime\RuntimeGenerationManagerTest.cs(17,34): error CS0246: The type or namespace name 'RuntimeGenerationManager' could not be found (are you missing a using directive or an assembly reference?)
Assets\Tests\Runtime\BiomeSpecificTerrainGeneratorTest.cs(416,59): error CS0246: The type or namespace name 'BiomeType' could not be found (are you missing a using directive or an assembly reference?)
Assets\Tests\Runtime\BiomeSpecificTerrainGeneratorTest.cs(416,17): error CS0246: The type or namespace name 'BiomeDefinition' could not be found (are you missing a using directive or an assembly reference?)
Assets\Tests\Runtime\BiomeSpecificTerrainGeneratorTest.cs(666,37): error CS0246: The type or namespace name 'BiomeType' could not be found (are you missing a using directive or an assembly reference?)
Assets\Tests\Runtime\DeformIntegrationTest.cs(33,34): error CS0246: The type or namespace name 'HighQualityPrimitiveGenerator' could not be found (are you missing a using directive or an assembly reference?)
Assets\Tests\Runtime\AdvancedLODSystemTest.cs(23,17): error CS0246: The type or namespace name 'AdaptiveTerrainLOD' could not be found (are you missing a using directive or an assembly reference?)
Assets\Tests\Runtime\BiomeTerrainModifierTest.cs(557,16): error CS0246: The type or namespace name 'BiomeType' could not be found (are you missing a using directive or an assembly reference?)
Assets\Tests\Runtime\ClimateTerrainFeedbackTest.cs(18,16): error CS0246: The type or namespace name 'ClimateTerrainFeedbackSystem' could not be found (are you missing a using directive or an assembly reference?)
Assets\Tests\Runtime\ComprehensivePrimitiveTest.cs(21,34): error CS0246: The type or namespace name 'HighQualityPrimitiveGenerator' could not be found (are you missing a using directive or an assembly reference?)
Assets\Tests\Runtime\QualityAssuranceTestSuite.cs(42,17): error CS0246: The type or namespace name 'BiomePresetManager' could not be found (are you missing a using directive or an assembly reference?)
Assets\Tests\Runtime\BiomeTerrainModifierTest.cs(462,37): error CS0246: The type or namespace name 'BiomeType' could not be found (are you missing a using directive or an assembly reference?)
Assets\Tests\Runtime\BiomeTerrainModifierTest.cs(19,16): error CS0246: The type or namespace name 'BiomeTerrainModifier' could not be found (are you missing a using directive or an assembly reference?)
Assets\Tests\Runtime\PlayerSystemIntegrationTests.cs(52,10): error CS0246: The type or namespace name 'UnityTestAttribute' could not be found (are you missing a using directive or an assembly reference?)
Assets\Tests\Runtime\PlayerSystemIntegrationTests.cs(52,10): error CS0246: The type or namespace name 'UnityTest' could not be found (are you missing a using directive or an assembly reference?)
Assets\Tests\Runtime\PlayerSystemIntegrationTests.cs(75,10): error CS0246: The type or namespace name 'UnityTestAttribute' could not be found (are you missing a using directive or an assembly reference?)
Assets\Tests\Runtime\PlayerSystemIntegrationTests.cs(75,10): error CS0246: The type or namespace name 'UnityTest' could not be found (are you missing a using directive or an assembly reference?)
Assets\Tests\Runtime\PlayerSystemIntegrationTests.cs(100,10): error CS0246: The type or namespace name 'UnityTestAttribute' could not be found (are you missing a using directive or an assembly reference?)
Assets\Tests\Runtime\PlayerSystemIntegrationTests.cs(100,10): error CS0246: The type or namespace name 'UnityTest' could not be found (are you missing a using directive or an assembly reference?)
Assets\Tests\Runtime\PlayerSystemIntegrationTests.cs(121,10): error CS0246: The type or namespace name 'UnityTestAttribute' could not be found (are you missing a using directive or an assembly reference?)
Assets\Tests\Runtime\PlayerSystemIntegrationTests.cs(121,10): error CS0246: The type or namespace name 'UnityTest' could not be found (are you missing a using directive or an assembly reference?)
Assets\Tests\Runtime\PlayerSystemIntegrationTests.cs(147,10): error CS0246: The type or namespace name 'UnityTestAttribute' could not be found (are you missing a using directive or an assembly reference?)
Assets\Tests\Runtime\PlayerSystemIntegrationTests.cs(147,10): error CS0246: The type or namespace name 'UnityTest' could not be found (are you missing a using directive or an assembly reference?)
Assets\Tests\Runtime\CrystalStructureGeneratorTest.cs(94,40): error CS0246: The type or namespace name 'CrystalStructureGenerator' could not be found (are you missing a using directive or an assembly reference?)
Assets\Tests\Runtime\PrimitiveQualityTestScene.cs(20,34): error CS0246: The type or namespace name 'HighQualityPrimitiveGenerator' could not be found (are you missing a using directive or an assembly reference?)
Assets\Tests\Runtime\CrystalStructureGeneratorTest.cs(178,60): error CS0246: The type or namespace name 'CrystalStructureGenerator' could not be found (are you missing a using directive or an assembly reference?)
Assets\Tests\Runtime\CrystalStructureGeneratorTest.cs(218,45): error CS0246: The type or namespace name 'CrystalStructureGenerator' could not be found (are you missing a using directive or an assembly reference?)
Assets\Tests\Runtime\TerrainGenerationIntegrationTests.cs(18,17): error CS0246: The type or namespace name 'DynamicMaterialBlendingSystem' could not be found (are you missing a using directive or an assembly reference?)
Assets\Tests\Runtime\CrystalStructureGeneratorTest.cs(18,16): error CS0246: The type or namespace name 'CrystalStructureGenerator' could not be found (are you missing a using directive or an assembly reference?)
Assets\Tests\Runtime\TerrainGenerationIntegrationTests.cs(47,10): error CS0246: The type or namespace name 'UnityTestAttribute' could not be found (are you missing a using directive or an assembly reference?)
Assets\Tests\Runtime\TerrainGenerationIntegrationTests.cs(47,10): error CS0246: The type or namespace name 'UnityTest' could not be found (are you missing a using directive or an assembly reference?)
Assets\Tests\Runtime\TerrainGenerationIntegrationTests.cs(68,10): error CS0246: The type or namespace name 'UnityTestAttribute' could not be found (are you missing a using directive or an assembly reference?)
Assets\Tests\Runtime\TerrainGenerationIntegrationTests.cs(68,10): error CS0246: The type or namespace name 'UnityTest' could not be found (are you missing a using directive or an assembly reference?)
Assets\Tests\Runtime\TerrainTexturingSystemTest.cs(22,16): error CS0246: The type or namespace name 'DynamicMaterialBlendingSystem' could not be found (are you missing a using directive or an assembly reference?)
Assets\Tests\Runtime\TerrainGenerationIntegrationTests.cs(98,10): error CS0246: The type or namespace name 'UnityTestAttribute' could not be found (are you missing a using directive or an assembly reference?)
Assets\Tests\Runtime\TerrainGenerationIntegrationTests.cs(98,10): error CS0246: The type or namespace name 'UnityTest' could not be found (are you missing a using directive or an assembly reference?)
Assets\Tests\Runtime\TerrainGenerationIntegrationTests.cs(128,10): error CS0246: The type or namespace name 'UnityTestAttribute' could not be found (are you missing a using directive or an assembly reference?)
Assets\Tests\Runtime\TerrainGenerationIntegrationTests.cs(128,10): error CS0246: The type or namespace name 'UnityTest' could not be found (are you missing a using directive or an assembly reference?)
Assets\Tests\Runtime\TerrainGenerationIntegrationTests.cs(152,10): error CS0246: The type or namespace name 'UnityTestAttribute' could not be found (are you missing a using directive or an assembly reference?)
Assets\Tests\Runtime\TerrainGenerationIntegrationTests.cs(152,10): error CS0246: The type or namespace name 'UnityTest' could not be found (are you missing a using directive or an assembly reference?)
Assets\Tests\Runtime\TestCases\PlayerInteractionTestCase.cs(42,45): error CS0246: The type or namespace name 'AdvancedPlayerController' could not be found (are you missing a using directive or an assembly reference?)
Assets\Tests\Runtime\TestCases\PlayerInteractionTestCase.cs(101,53): error CS0246: The type or namespace name 'AdvancedPlayerController' could not be found (are you missing a using directive or an assembly reference?)
Assets\Tests\Runtime\TerrainGenerationIntegrationTests.cs(174,10): error CS0246: The type or namespace name 'UnityTestAttribute' could not be found (are you missing a using directive or an assembly reference?)
Assets\Tests\Runtime\TerrainGenerationIntegrationTests.cs(174,10): error CS0246: The type or namespace name 'UnityTest' could not be found (are you missing a using directive or an assembly reference?)
Assets\Tests\Runtime\TestCases\TerrainGenerationTestCase.cs(176,88): error CS0246: The type or namespace name 'BiomePresetManager' could not be found (are you missing a using directive or an assembly reference?)
Assets\Tests\Runtime\TestCases\PlayerInteractionTestCase.cs(161,49): error CS0246: The type or namespace name 'AdvancedPlayerController' could not be found (are you missing a using directive or an assembly reference?)
Assets\Tests\Runtime\TestCases\PlayerInteractionTestCase.cs(205,58): error CS0246: The type or namespace name 'AdvancedPlayerController' could not be found (are you missing a using directive or an assembly reference?)
Assets\Tests\Runtime\TestCases\UISystemTestCase.cs(44,54): error CS0246: The type or namespace name 'SliderBasedUISystem' could not be found (are you missing a using directive or an assembly reference?)
Assets\Tests\Runtime\TestCases\SystemIntegrationTestCase.cs(112,13): error CS0246: The type or namespace name 'RuntimeTerrainManager' could not be found (are you missing a using directive or an assembly reference?)
Assets\Tests\Runtime\TestCases\SystemIntegrationTestCase.cs(113,13): error CS0246: The type or namespace name 'PrimitiveTerrainManager' could not be found (are you missing a using directive or an assembly reference?)
Assets\Tests\Runtime\TerrainGenerationIntegrationTests.cs(209,10): error CS0246: The type or namespace name 'UnityTestAttribute' could not be found (are you missing a using directive or an assembly reference?)
Assets\Tests\Runtime\TerrainGenerationIntegrationTests.cs(209,10): error CS0246: The type or namespace name 'UnityTest' could not be found (are you missing a using directive or an assembly reference?)
Assets\Tests\Runtime\TestCases\UISystemTestCase.cs(72,47): error CS0246: The type or namespace name 'SliderBasedUISystem' could not be found (are you missing a using directive or an assembly reference?)
Assets\Tests\Runtime\TestCases\SystemIntegrationTestCase.cs(155,13): error CS0246: The type or namespace name 'SliderBasedUISystem' could not be found (are you missing a using directive or an assembly reference?)
Assets\Tests\Runtime\TestCases\SystemIntegrationTestCase.cs(156,13): error CS0246: The type or namespace name 'RuntimeTerrainManager' could not be found (are you missing a using directive or an assembly reference?)
Assets\Tests\Runtime\TestCases\UISystemTestCase.cs(119,47): error CS0246: The type or namespace name 'SliderBasedUISystem' could not be found (are you missing a using directive or an assembly reference?)
Assets\Tests\Runtime\TestCases\UISystemTestCase.cs(177,46): error CS0246: The type or namespace name 'SliderBasedUISystem' could not be found (are you missing a using directive or an assembly reference?)
Assets\Tests\Runtime\TestCases\BiomePresetTestCase.cs(41,46): error CS0246: The type or namespace name 'BiomePresetManager' could not be found (are you missing a using directive or an assembly reference?)
Assets\Tests\Runtime\TestCases\UISystemTestCase.cs(224,48): error CS0246: The type or namespace name 'SliderBasedUISystem' could not be found (are you missing a using directive or an assembly reference?)
Assets\Tests\Runtime\VastcoreIntegrationTestManager.cs(297,16): error CS0246: The type or namespace name 'PrimitiveTerrainManager' could not be found (are you missing a using directive or an assembly reference?)
Assets\Tests\Runtime\TestCases\UISystemTestCase.cs(278,17): error CS0246: The type or namespace name 'SliderBasedUISystem' could not be found (are you missing a using directive or an assembly reference?)
Assets\Tests\Runtime\TestCases\BiomePresetTestCase.cs(88,53): error CS0246: The type or namespace name 'BiomePresetManager' could not be found (are you missing a using directive or an assembly reference?)
Assets\Tests\Runtime\VastcoreIntegrationTestManager.cs(298,16): error CS0246: The type or namespace name 'BiomePresetManager' could not be found (are you missing a using directive or an assembly reference?)
Assets\Tests\Runtime\TestCases\UISystemTestCase.cs(290,34): error CS0246: The type or namespace name 'UIStyle' could not be found (are you missing a using directive or an assembly reference?)
Assets\Tests\Runtime\TestCases\UISystemTestCase.cs(290,50): error CS0246: The type or namespace name 'UIStyle' could not be found (are you missing a using directive or an assembly reference?)
Assets\Tests\Runtime\TestCases\PrimitiveGenerationTestCase.cs(40,51): error CS0246: The type or namespace name 'PrimitiveTerrainManager' could not be found (are you missing a using directive or an assembly reference?)
Assets\Tests\Runtime\TestCases\BiomePresetTestCase.cs(140,47): error CS0246: The type or namespace name 'BiomePresetManager' could not be found (are you missing a using directive or an assembly reference?)
Assets\Tests\Runtime\TestCases\BiomePresetTestCase.cs(199,47): error CS0246: The type or namespace name 'BiomePresetManager' could not be found (are you missing a using directive or an assembly reference?)
Assets\Tests\Runtime\TestCases\PrimitiveGenerationTestCase.cs(65,50): error CS0246: The type or namespace name 'PrimitiveTerrainManager' could not be found (are you missing a using directive or an assembly reference?)
Assets\Tests\Runtime\TestCases\PrimitiveGenerationTestCase.cs(194,50): error CS0246: The type or namespace name 'PrimitiveTerrainManager' could not be found (are you missing a using directive or an assembly reference?)
Assets\Tests\Runtime\VastcoreIntegrationTestManager.cs(299,16): error CS0246: The type or namespace name 'SliderBasedUISystem' could not be found (are you missing a using directive or an assembly reference?)
Assets\Tests\Runtime\VastcoreIntegrationTestManager.cs(300,16): error CS0246: The type or namespace name 'PerformanceMonitor' could not be found (are you missing a using directive or an assembly reference?)
Assets\Tests\Runtime\VastcoreIntegrationTestManager.cs(29,34): error CS0246: The type or namespace name 'PrimitiveTerrainManager' could not be found (are you missing a using directive or an assembly reference?)
Assets\Tests\Runtime\VastcoreIntegrationTestManager.cs(30,34): error CS0246: The type or namespace name 'BiomePresetManager' could not be found (are you missing a using directive or an assembly reference?)
Assets\Tests\Runtime\VastcoreIntegrationTestManager.cs(31,34): error CS0246: The type or namespace name 'SliderBasedUISystem' could not be found (are you missing a using directive or an assembly reference?)
Assets\Tests\Runtime\VastcoreIntegrationTestManager.cs(32,34): error CS0246: The type or namespace name 'PerformanceMonitor' could not be found (are you missing a using directive or an assembly reference?)
Assets\Scripts\Game\Managers\VastcoreGameManager.cs(6,16): error CS0234: The type or namespace name 'Terrain' does not exist in the namespace 'Vastcore' (are you missing an assembly reference?)
Assets\Scripts\Game\Managers\VastcoreGameManager.cs(8,16): error CS0234: The type or namespace name 'UI' does not exist in the namespace 'Vastcore' (are you missing an assembly reference?)
Assets\Scripts\Game\Managers\VastcoreGameManager.cs(23,34): error CS0246: The type or namespace name 'TerrainGenerator' could not be found (are you missing a using directive or an assembly reference?)
Assets\Scripts\Game\Managers\VastcoreGameManager.cs(24,34): error CS0246: The type or namespace name 'TitleScreenManager' could not be found (are you missing a using directive or an assembly reference?)
Assets\Editor\StructureGenerator\Map\BiomePresetManagerEditor.cs(3,16): error CS0234: The type or namespace name 'Terrain' does not exist in the namespace 'Vastcore' (are you missing an assembly reference?)
Assets\Editor\StructureGenerator\Map\BiomePresetManagerEditor.cs(10,26): error CS0246: The type or namespace name 'BiomePresetManager' could not be found (are you missing a using directive or an assembly reference?)
Assets\Tests\Runtime\DeformIntegrationTest.cs(2,13): error CS0234: The type or namespace name 'ProBuilder' does not exist in the namespace 'Unity' (are you missing an assembly reference?)
Assets\Tests\Runtime\BiomePresetManagerTest.cs(19,16): error CS0246: The type or namespace name 'BiomePresetManager' could not be found (are you missing a using directive or an assembly reference?)
Assets\Tests\Runtime\BiomeSpecificTerrainGeneratorTest.cs(746,16): error CS0246: The type or namespace name 'BiomeType' could not be found (are you missing a using directive or an assembly reference?)
Assets\Tests\Runtime\ComprehensiveSystemTest.cs(29,34): error CS0246: The type or namespace name 'RuntimeTerrainManager' could not be found (are you missing a using directive or an assembly reference?)
Assets\Tests\Runtime\ComprehensiveSystemTest.cs(30,34): error CS0246: The type or namespace name 'PrimitiveTerrainManager' could not be found (are you missing a using directive or an assembly reference?)
Assets\Tests\Runtime\ComprehensiveSystemTest.cs(31,34): error CS0246: The type or namespace name 'RuntimeGenerationManager' could not be found (are you missing a using directive or an assembly reference?)
Assets\Tests\Runtime\RuntimeGenerationManagerTest.cs(17,34): error CS0246: The type or namespace name 'RuntimeGenerationManager' could not be found (are you missing a using directive or an assembly reference?)
Assets\Tests\Runtime\BiomeSpecificTerrainGeneratorTest.cs(416,59): error CS0246: The type or namespace name 'BiomeType' could not be found (are you missing a using directive or an assembly reference?)
Assets\Tests\Runtime\BiomeSpecificTerrainGeneratorTest.cs(416,17): error CS0246: The type or namespace name 'BiomeDefinition' could not be found (are you missing a using directive or an assembly reference?)
Assets\Tests\Runtime\BiomeSpecificTerrainGeneratorTest.cs(666,37): error CS0246: The type or namespace name 'BiomeType' could not be found (are you missing a using directive or an assembly reference?)
Assets\Tests\Runtime\DeformIntegrationTest.cs(33,34): error CS0246: The type or namespace name 'HighQualityPrimitiveGenerator' could not be found (are you missing a using directive or an assembly reference?)
Assets\Tests\Runtime\AdvancedLODSystemTest.cs(23,17): error CS0246: The type or namespace name 'AdaptiveTerrainLOD' could not be found (are you missing a using directive or an assembly reference?)
Assets\Tests\Runtime\BiomeTerrainModifierTest.cs(557,16): error CS0246: The type or namespace name 'BiomeType' could not be found (are you missing a using directive or an assembly reference?)
Assets\Tests\Runtime\ClimateTerrainFeedbackTest.cs(18,16): error CS0246: The type or namespace name 'ClimateTerrainFeedbackSystem' could not be found (are you missing a using directive or an assembly reference?)
Assets\Tests\Runtime\ComprehensivePrimitiveTest.cs(21,34): error CS0246: The type or namespace name 'HighQualityPrimitiveGenerator' could not be found (are you missing a using directive or an assembly reference?)
Assets\Tests\Runtime\QualityAssuranceTestSuite.cs(42,17): error CS0246: The type or namespace name 'BiomePresetManager' could not be found (are you missing a using directive or an assembly reference?)
Assets\Tests\Runtime\BiomeTerrainModifierTest.cs(462,37): error CS0246: The type or namespace name 'BiomeType' could not be found (are you missing a using directive or an assembly reference?)
Assets\Tests\Runtime\BiomeTerrainModifierTest.cs(19,16): error CS0246: The type or namespace name 'BiomeTerrainModifier' could not be found (are you missing a using directive or an assembly reference?)
Assets\Tests\Runtime\PlayerSystemIntegrationTests.cs(52,10): error CS0246: The type or namespace name 'UnityTestAttribute' could not be found (are you missing a using directive or an assembly reference?)
Assets\Tests\Runtime\PlayerSystemIntegrationTests.cs(52,10): error CS0246: The type or namespace name 'UnityTest' could not be found (are you missing a using directive or an assembly reference?)
Assets\Tests\Runtime\PlayerSystemIntegrationTests.cs(75,10): error CS0246: The type or namespace name 'UnityTestAttribute' could not be found (are you missing a using directive or an assembly reference?)
Assets\Tests\Runtime\PlayerSystemIntegrationTests.cs(75,10): error CS0246: The type or namespace name 'UnityTest' could not be found (are you missing a using directive or an assembly reference?)
Assets\Tests\Runtime\PlayerSystemIntegrationTests.cs(100,10): error CS0246: The type or namespace name 'UnityTestAttribute' could not be found (are you missing a using directive or an assembly reference?)
Assets\Tests\Runtime\PlayerSystemIntegrationTests.cs(100,10): error CS0246: The type or namespace name 'UnityTest' could not be found (are you missing a using directive or an assembly reference?)
Assets\Tests\Runtime\PlayerSystemIntegrationTests.cs(121,10): error CS0246: The type or namespace name 'UnityTestAttribute' could not be found (are you missing a using directive or an assembly reference?)
Assets\Tests\Runtime\PlayerSystemIntegrationTests.cs(121,10): error CS0246: The type or namespace name 'UnityTest' could not be found (are you missing a using directive or an assembly reference?)
Assets\Tests\Runtime\PlayerSystemIntegrationTests.cs(147,10): error CS0246: The type or namespace name 'UnityTestAttribute' could not be found (are you missing a using directive or an assembly reference?)
Assets\Tests\Runtime\PlayerSystemIntegrationTests.cs(147,10): error CS0246: The type or namespace name 'UnityTest' could not be found (are you missing a using directive or an assembly reference?)
Assets\Tests\Runtime\CrystalStructureGeneratorTest.cs(94,40): error CS0246: The type or namespace name 'CrystalStructureGenerator' could not be found (are you missing a using directive or an assembly reference?)
Assets\Tests\Runtime\PrimitiveQualityTestScene.cs(20,34): error CS0246: The type or namespace name 'HighQualityPrimitiveGenerator' could not be found (are you missing a using directive or an assembly reference?)
Assets\Tests\Runtime\CrystalStructureGeneratorTest.cs(178,60): error CS0246: The type or namespace name 'CrystalStructureGenerator' could not be found (are you missing a using directive or an assembly reference?)
Assets\Tests\Runtime\CrystalStructureGeneratorTest.cs(218,45): error CS0246: The type or namespace name 'CrystalStructureGenerator' could not be found (are you missing a using directive or an assembly reference?)
Assets\Tests\Runtime\TerrainGenerationIntegrationTests.cs(18,17): error CS0246: The type or namespace name 'DynamicMaterialBlendingSystem' could not be found (are you missing a using directive or an assembly reference?)
Assets\Tests\Runtime\CrystalStructureGeneratorTest.cs(18,16): error CS0246: The type or namespace name 'CrystalStructureGenerator' could not be found (are you missing a using directive or an assembly reference?)
Assets\Tests\Runtime\TerrainGenerationIntegrationTests.cs(47,10): error CS0246: The type or namespace name 'UnityTestAttribute' could not be found (are you missing a using directive or an assembly reference?)
Assets\Tests\Runtime\TerrainGenerationIntegrationTests.cs(47,10): error CS0246: The type or namespace name 'UnityTest' could not be found (are you missing a using directive or an assembly reference?)
Assets\Tests\Runtime\TerrainGenerationIntegrationTests.cs(68,10): error CS0246: The type or namespace name 'UnityTestAttribute' could not be found (are you missing a using directive or an assembly reference?)
Assets\Tests\Runtime\TerrainGenerationIntegrationTests.cs(68,10): error CS0246: The type or namespace name 'UnityTest' could not be found (are you missing a using directive or an assembly reference?)
Assets\Tests\Runtime\TerrainTexturingSystemTest.cs(22,16): error CS0246: The type or namespace name 'DynamicMaterialBlendingSystem' could not be found (are you missing a using directive or an assembly reference?)
Assets\Tests\Runtime\TerrainGenerationIntegrationTests.cs(98,10): error CS0246: The type or namespace name 'UnityTestAttribute' could not be found (are you missing a using directive or an assembly reference?)
Assets\Tests\Runtime\TerrainGenerationIntegrationTests.cs(98,10): error CS0246: The type or namespace name 'UnityTest' could not be found (are you missing a using directive or an assembly reference?)
Assets\Tests\Runtime\TerrainGenerationIntegrationTests.cs(128,10): error CS0246: The type or namespace name 'UnityTestAttribute' could not be found (are you missing a using directive or an assembly reference?)
Assets\Tests\Runtime\TerrainGenerationIntegrationTests.cs(128,10): error CS0246: The type or namespace name 'UnityTest' could not be found (are you missing a using directive or an assembly reference?)
Assets\Tests\Runtime\TerrainGenerationIntegrationTests.cs(152,10): error CS0246: The type or namespace name 'UnityTestAttribute' could not be found (are you missing a using directive or an assembly reference?)
Assets\Tests\Runtime\TerrainGenerationIntegrationTests.cs(152,10): error CS0246: The type or namespace name 'UnityTest' could not be found (are you missing a using directive or an assembly reference?)
Assets\Tests\Runtime\TestCases\PlayerInteractionTestCase.cs(42,45): error CS0246: The type or namespace name 'AdvancedPlayerController' could not be found (are you missing a using directive or an assembly reference?)
Assets\Tests\Runtime\TestCases\PlayerInteractionTestCase.cs(101,53): error CS0246: The type or namespace name 'AdvancedPlayerController' could not be found (are you missing a using directive or an assembly reference?)
Assets\Tests\Runtime\TerrainGenerationIntegrationTests.cs(174,10): error CS0246: The type or namespace name 'UnityTestAttribute' could not be found (are you missing a using directive or an assembly reference?)
Assets\Tests\Runtime\TerrainGenerationIntegrationTests.cs(174,10): error CS0246: The type or namespace name 'UnityTest' could not be found (are you missing a using directive or an assembly reference?)
Assets\Tests\Runtime\TestCases\TerrainGenerationTestCase.cs(176,88): error CS0246: The type or namespace name 'BiomePresetManager' could not be found (are you missing a using directive or an assembly reference?)
Assets\Tests\Runtime\TestCases\PlayerInteractionTestCase.cs(161,49): error CS0246: The type or namespace name 'AdvancedPlayerController' could not be found (are you missing a using directive or an assembly reference?)
Assets\Tests\Runtime\TestCases\PlayerInteractionTestCase.cs(205,58): error CS0246: The type or namespace name 'AdvancedPlayerController' could not be found (are you missing a using directive or an assembly reference?)
Assets\Tests\Runtime\TestCases\UISystemTestCase.cs(44,54): error CS0246: The type or namespace name 'SliderBasedUISystem' could not be found (are you missing a using directive or an assembly reference?)
Assets\Tests\Runtime\TestCases\SystemIntegrationTestCase.cs(112,13): error CS0246: The type or namespace name 'RuntimeTerrainManager' could not be found (are you missing a using directive or an assembly reference?)
Assets\Tests\Runtime\TestCases\SystemIntegrationTestCase.cs(113,13): error CS0246: The type or namespace name 'PrimitiveTerrainManager' could not be found (are you missing a using directive or an assembly reference?)
Assets\Tests\Runtime\TerrainGenerationIntegrationTests.cs(209,10): error CS0246: The type or namespace name 'UnityTestAttribute' could not be found (are you missing a using directive or an assembly reference?)
Assets\Tests\Runtime\TerrainGenerationIntegrationTests.cs(209,10): error CS0246: The type or namespace name 'UnityTest' could not be found (are you missing a using directive or an assembly reference?)
Assets\Tests\Runtime\TestCases\UISystemTestCase.cs(72,47): error CS0246: The type or namespace name 'SliderBasedUISystem' could not be found (are you missing a using directive or an assembly reference?)
Assets\Tests\Runtime\TestCases\SystemIntegrationTestCase.cs(155,13): error CS0246: The type or namespace name 'SliderBasedUISystem' could not be found (are you missing a using directive or an assembly reference?)
Assets\Tests\Runtime\TestCases\SystemIntegrationTestCase.cs(156,13): error CS0246: The type or namespace name 'RuntimeTerrainManager' could not be found (are you missing a using directive or an assembly reference?)
Assets\Tests\Runtime\TestCases\UISystemTestCase.cs(119,47): error CS0246: The type or namespace name 'SliderBasedUISystem' could not be found (are you missing a using directive or an assembly reference?)
Assets\Tests\Runtime\TestCases\UISystemTestCase.cs(177,46): error CS0246: The type or namespace name 'SliderBasedUISystem' could not be found (are you missing a using directive or an assembly reference?)
Assets\Tests\Runtime\TestCases\BiomePresetTestCase.cs(41,46): error CS0246: The type or namespace name 'BiomePresetManager' could not be found (are you missing a using directive or an assembly reference?)
Assets\Tests\Runtime\TestCases\UISystemTestCase.cs(224,48): error CS0246: The type or namespace name 'SliderBasedUISystem' could not be found (are you missing a using directive or an assembly reference?)
Assets\Tests\Runtime\VastcoreIntegrationTestManager.cs(297,16): error CS0246: The type or namespace name 'PrimitiveTerrainManager' could not be found (are you missing a using directive or an assembly reference?)
Assets\Tests\Runtime\TestCases\UISystemTestCase.cs(278,17): error CS0246: The type or namespace name 'SliderBasedUISystem' could not be found (are you missing a using directive or an assembly reference?)
Assets\Tests\Runtime\TestCases\BiomePresetTestCase.cs(88,53): error CS0246: The type or namespace name 'BiomePresetManager' could not be found (are you missing a using directive or an assembly reference?)
Assets\Tests\Runtime\VastcoreIntegrationTestManager.cs(298,16): error CS0246: The type or namespace name 'BiomePresetManager' could not be found (are you missing a using directive or an assembly reference?)
Assets\Tests\Runtime\TestCases\UISystemTestCase.cs(290,34): error CS0246: The type or namespace name 'UIStyle' could not be found (are you missing a using directive or an assembly reference?)
Assets\Tests\Runtime\TestCases\UISystemTestCase.cs(290,50): error CS0246: The type or namespace name 'UIStyle' could not be found (are you missing a using directive or an assembly reference?)
Assets\Tests\Runtime\TestCases\PrimitiveGenerationTestCase.cs(40,51): error CS0246: The type or namespace name 'PrimitiveTerrainManager' could not be found (are you missing a using directive or an assembly reference?)
Assets\Tests\Runtime\TestCases\BiomePresetTestCase.cs(140,47): error CS0246: The type or namespace name 'BiomePresetManager' could not be found (are you missing a using directive or an assembly reference?)
Assets\Tests\Runtime\TestCases\BiomePresetTestCase.cs(199,47): error CS0246: The type or namespace name 'BiomePresetManager' could not be found (are you missing a using directive or an assembly reference?)
Assets\Tests\Runtime\TestCases\PrimitiveGenerationTestCase.cs(65,50): error CS0246: The type or namespace name 'PrimitiveTerrainManager' could not be found (are you missing a using directive or an assembly reference?)
Assets\Tests\Runtime\TestCases\PrimitiveGenerationTestCase.cs(194,50): error CS0246: The type or namespace name 'PrimitiveTerrainManager' could not be found (are you missing a using directive or an assembly reference?)
Assets\Tests\Runtime\VastcoreIntegrationTestManager.cs(299,16): error CS0246: The type or namespace name 'SliderBasedUISystem' could not be found (are you missing a using directive or an assembly reference?)
Assets\Tests\Runtime\VastcoreIntegrationTestManager.cs(300,16): error CS0246: The type or namespace name 'PerformanceMonitor' could not be found (are you missing a using directive or an assembly reference?)
Assets\Tests\Runtime\VastcoreIntegrationTestManager.cs(29,34): error CS0246: The type or namespace name 'PrimitiveTerrainManager' could not be found (are you missing a using directive or an assembly reference?)
Assets\Tests\Runtime\VastcoreIntegrationTestManager.cs(30,34): error CS0246: The type or namespace name 'BiomePresetManager' could not be found (are you missing a using directive or an assembly reference?)
Assets\Tests\Runtime\VastcoreIntegrationTestManager.cs(31,34): error CS0246: The type or namespace name 'SliderBasedUISystem' could not be found (are you missing a using directive or an assembly reference?)
Assets\Tests\Runtime\VastcoreIntegrationTestManager.cs(32,34): error CS0246: The type or namespace name 'PerformanceMonitor' could not be found (are you missing a using directive or an assembly reference?)
Assets\Scripts\Game\Managers\VastcoreGameManager.cs(6,16): error CS0234: The type or namespace name 'Terrain' does not exist in the namespace 'Vastcore' (are you missing an assembly reference?)
Assets\Scripts\Game\Managers\VastcoreGameManager.cs(8,16): error CS0234: The type or namespace name 'UI' does not exist in the namespace 'Vastcore' (are you missing an assembly reference?)
Assets\Scripts\Game\Managers\VastcoreGameManager.cs(23,34): error CS0246: The type or namespace name 'TerrainGenerator' could not be found (are you missing a using directive or an assembly reference?)
Assets\Scripts\Game\Managers\VastcoreGameManager.cs(24,34): error CS0246: The type or namespace name 'TitleScreenManager' could not be found (are you missing a using directive or an assembly reference?)
Assets\Editor\StructureGenerator\Map\BiomePresetManagerEditor.cs(3,16): error CS0234: The type or namespace name 'Terrain' does not exist in the namespace 'Vastcore' (are you missing an assembly reference?)
Assets\Editor\StructureGenerator\Map\BiomePresetManagerEditor.cs(10,26): error CS0246: The type or namespace name 'BiomePresetManager' could not be found (are you missing a using directive or an assembly reference?)
Assets\Tests\Runtime\DeformIntegrationTest.cs(2,13): error CS0234: The type or namespace name 'ProBuilder' does not exist in the namespace 'Unity' (are you missing an assembly reference?)
Assets\Tests\Runtime\BiomePresetManagerTest.cs(19,16): error CS0246: The type or namespace name 'BiomePresetManager' could not be found (are you missing a using directive or an assembly reference?)
Assets\Tests\Runtime\BiomeSpecificTerrainGeneratorTest.cs(746,16): error CS0246: The type or namespace name 'BiomeType' could not be found (are you missing a using directive or an assembly reference?)
Assets\Tests\Runtime\ComprehensiveSystemTest.cs(29,34): error CS0246: The type or namespace name 'RuntimeTerrainManager' could not be found (are you missing a using directive or an assembly reference?)
Assets\Tests\Runtime\ComprehensiveSystemTest.cs(30,34): error CS0246: The type or namespace name 'PrimitiveTerrainManager' could not be found (are you missing a using directive or an assembly reference?)
Assets\Tests\Runtime\ComprehensiveSystemTest.cs(31,34): error CS0246: The type or namespace name 'RuntimeGenerationManager' could not be found (are you missing a using directive or an assembly reference?)
Assets\Tests\Runtime\RuntimeGenerationManagerTest.cs(17,34): error CS0246: The type or namespace name 'RuntimeGenerationManager' could not be found (are you missing a using directive or an assembly reference?)
Assets\Tests\Runtime\BiomeSpecificTerrainGeneratorTest.cs(416,59): error CS0246: The type or namespace name 'BiomeType' could not be found (are you missing a using directive or an assembly reference?)
Assets\Tests\Runtime\BiomeSpecificTerrainGeneratorTest.cs(416,17): error CS0246: The type or namespace name 'BiomeDefinition' could not be found (are you missing a using directive or an assembly reference?)
Assets\Tests\Runtime\BiomeSpecificTerrainGeneratorTest.cs(666,37): error CS0246: The type or namespace name 'BiomeType' could not be found (are you missing a using directive or an assembly reference?)
Assets\Tests\Runtime\DeformIntegrationTest.cs(33,34): error CS0246: The type or namespace name 'HighQualityPrimitiveGenerator' could not be found (are you missing a using directive or an assembly reference?)
Assets\Tests\Runtime\AdvancedLODSystemTest.cs(23,17): error CS0246: The type or namespace name 'AdaptiveTerrainLOD' could not be found (are you missing a using directive or an assembly reference?)
Assets\Tests\Runtime\BiomeTerrainModifierTest.cs(557,16): error CS0246: The type or namespace name 'BiomeType' could not be found (are you missing a using directive or an assembly reference?)
Assets\Tests\Runtime\ClimateTerrainFeedbackTest.cs(18,16): error CS0246: The type or namespace name 'ClimateTerrainFeedbackSystem' could not be found (are you missing a using directive or an assembly reference?)
Assets\Tests\Runtime\ComprehensivePrimitiveTest.cs(21,34): error CS0246: The type or namespace name 'HighQualityPrimitiveGenerator' could not be found (are you missing a using directive or an assembly reference?)
Assets\Tests\Runtime\QualityAssuranceTestSuite.cs(42,17): error CS0246: The type or namespace name 'BiomePresetManager' could not be found (are you missing a using directive or an assembly reference?)
Assets\Tests\Runtime\BiomeTerrainModifierTest.cs(462,37): error CS0246: The type or namespace name 'BiomeType' could not be found (are you missing a using directive or an assembly reference?)
Assets\Tests\Runtime\BiomeTerrainModifierTest.cs(19,16): error CS0246: The type or namespace name 'BiomeTerrainModifier' could not be found (are you missing a using directive or an assembly reference?)
Assets\Tests\Runtime\PlayerSystemIntegrationTests.cs(52,10): error CS0246: The type or namespace name 'UnityTestAttribute' could not be found (are you missing a using directive or an assembly reference?)
Assets\Tests\Runtime\PlayerSystemIntegrationTests.cs(52,10): error CS0246: The type or namespace name 'UnityTest' could not be found (are you missing a using directive or an assembly reference?)
Assets\Tests\Runtime\PlayerSystemIntegrationTests.cs(75,10): error CS0246: The type or namespace name 'UnityTestAttribute' could not be found (are you missing a using directive or an assembly reference?)
Assets\Tests\Runtime\PlayerSystemIntegrationTests.cs(75,10): error CS0246: The type or namespace name 'UnityTest' could not be found (are you missing a using directive or an assembly reference?)
Assets\Tests\Runtime\PlayerSystemIntegrationTests.cs(100,10): error CS0246: The type or namespace name 'UnityTestAttribute' could not be found (are you missing a using directive or an assembly reference?)
Assets\Tests\Runtime\PlayerSystemIntegrationTests.cs(100,10): error CS0246: The type or namespace name 'UnityTest' could not be found (are you missing a using directive or an assembly reference?)
Assets\Tests\Runtime\PlayerSystemIntegrationTests.cs(121,10): error CS0246: The type or namespace name 'UnityTestAttribute' could not be found (are you missing a using directive or an assembly reference?)
Assets\Tests\Runtime\PlayerSystemIntegrationTests.cs(121,10): error CS0246: The type or namespace name 'UnityTest' could not be found (are you missing a using directive or an assembly reference?)
Assets\Tests\Runtime\PlayerSystemIntegrationTests.cs(147,10): error CS0246: The type or namespace name 'UnityTestAttribute' could not be found (are you missing a using directive or an assembly reference?)
Assets\Tests\Runtime\PlayerSystemIntegrationTests.cs(147,10): error CS0246: The type or namespace name 'UnityTest' could not be found (are you missing a using directive or an assembly reference?)
Assets\Tests\Runtime\CrystalStructureGeneratorTest.cs(94,40): error CS0246: The type or namespace name 'CrystalStructureGenerator' could not be found (are you missing a using directive or an assembly reference?)
Assets\Tests\Runtime\PrimitiveQualityTestScene.cs(20,34): error CS0246: The type or namespace name 'HighQualityPrimitiveGenerator' could not be found (are you missing a using directive or an assembly reference?)
Assets\Tests\Runtime\CrystalStructureGeneratorTest.cs(178,60): error CS0246: The type or namespace name 'CrystalStructureGenerator' could not be found (are you missing a using directive or an assembly reference?)
Assets\Tests\Runtime\CrystalStructureGeneratorTest.cs(218,45): error CS0246: The type or namespace name 'CrystalStructureGenerator' could not be found (are you missing a using directive or an assembly reference?)
Assets\Tests\Runtime\TerrainGenerationIntegrationTests.cs(18,17): error CS0246: The type or namespace name 'DynamicMaterialBlendingSystem' could not be found (are you missing a using directive or an assembly reference?)
Assets\Tests\Runtime\CrystalStructureGeneratorTest.cs(18,16): error CS0246: The type or namespace name 'CrystalStructureGenerator' could not be found (are you missing a using directive or an assembly reference?)
Assets\Tests\Runtime\TerrainGenerationIntegrationTests.cs(47,10): error CS0246: The type or namespace name 'UnityTestAttribute' could not be found (are you missing a using directive or an assembly reference?)
Assets\Tests\Runtime\TerrainGenerationIntegrationTests.cs(47,10): error CS0246: The type or namespace name 'UnityTest' could not be found (are you missing a using directive or an assembly reference?)
Assets\Tests\Runtime\TerrainGenerationIntegrationTests.cs(68,10): error CS0246: The type or namespace name 'UnityTestAttribute' could not be found (are you missing a using directive or an assembly reference?)
Assets\Tests\Runtime\TerrainGenerationIntegrationTests.cs(68,10): error CS0246: The type or namespace name 'UnityTest' could not be found (are you missing a using directive or an assembly reference?)
Assets\Tests\Runtime\TerrainTexturingSystemTest.cs(22,16): error CS0246: The type or namespace name 'DynamicMaterialBlendingSystem' could not be found (are you missing a using directive or an assembly reference?)
Assets\Tests\Runtime\TerrainGenerationIntegrationTests.cs(98,10): error CS0246: The type or namespace name 'UnityTestAttribute' could not be found (are you missing a using directive or an assembly reference?)
Assets\Tests\Runtime\TerrainGenerationIntegrationTests.cs(98,10): error CS0246: The type or namespace name 'UnityTest' could not be found (are you missing a using directive or an assembly reference?)
Assets\Tests\Runtime\TerrainGenerationIntegrationTests.cs(128,10): error CS0246: The type or namespace name 'UnityTestAttribute' could not be found (are you missing a using directive or an assembly reference?)
Assets\Tests\Runtime\TerrainGenerationIntegrationTests.cs(128,10): error CS0246: The type or namespace name 'UnityTest' could not be found (are you missing a using directive or an assembly reference?)
Assets\Tests\Runtime\TerrainGenerationIntegrationTests.cs(152,10): error CS0246: The type or namespace name 'UnityTestAttribute' could not be found (are you missing a using directive or an assembly reference?)
Assets\Tests\Runtime\TerrainGenerationIntegrationTests.cs(152,10): error CS0246: The type or namespace name 'UnityTest' could not be found (are you missing a using directive or an assembly reference?)
Assets\Tests\Runtime\TestCases\PlayerInteractionTestCase.cs(42,45): error CS0246: The type or namespace name 'AdvancedPlayerController' could not be found (are you missing a using directive or an assembly reference?)
Assets\Tests\Runtime\TestCases\PlayerInteractionTestCase.cs(101,53): error CS0246: The type or namespace name 'AdvancedPlayerController' could not be found (are you missing a using directive or an assembly reference?)
Assets\Tests\Runtime\TerrainGenerationIntegrationTests.cs(174,10): error CS0246: The type or namespace name 'UnityTestAttribute' could not be found (are you missing a using directive or an assembly reference?)
Assets\Tests\Runtime\TerrainGenerationIntegrationTests.cs(174,10): error CS0246: The type or namespace name 'UnityTest' could not be found (are you missing a using directive or an assembly reference?)
Assets\Tests\Runtime\TestCases\TerrainGenerationTestCase.cs(176,88): error CS0246: The type or namespace name 'BiomePresetManager' could not be found (are you missing a using directive or an assembly reference?)
Assets\Tests\Runtime\TestCases\PlayerInteractionTestCase.cs(161,49): error CS0246: The type or namespace name 'AdvancedPlayerController' could not be found (are you missing a using directive or an assembly reference?)
Assets\Tests\Runtime\TestCases\PlayerInteractionTestCase.cs(205,58): error CS0246: The type or namespace name 'AdvancedPlayerController' could not be found (are you missing a using directive or an assembly reference?)
Assets\Tests\Runtime\TestCases\UISystemTestCase.cs(44,54): error CS0246: The type or namespace name 'SliderBasedUISystem' could not be found (are you missing a using directive or an assembly reference?)
Assets\Tests\Runtime\TestCases\SystemIntegrationTestCase.cs(112,13): error CS0246: The type or namespace name 'RuntimeTerrainManager' could not be found (are you missing a using directive or an assembly reference?)
Assets\Tests\Runtime\TestCases\SystemIntegrationTestCase.cs(113,13): error CS0246: The type or namespace name 'PrimitiveTerrainManager' could not be found (are you missing a using directive or an assembly reference?)
Assets\Tests\Runtime\TerrainGenerationIntegrationTests.cs(209,10): error CS0246: The type or namespace name 'UnityTestAttribute' could not be found (are you missing a using directive or an assembly reference?)
Assets\Tests\Runtime\TerrainGenerationIntegrationTests.cs(209,10): error CS0246: The type or namespace name 'UnityTest' could not be found (are you missing a using directive or an assembly reference?)
Assets\Tests\Runtime\TestCases\UISystemTestCase.cs(72,47): error CS0246: The type or namespace name 'SliderBasedUISystem' could not be found (are you missing a using directive or an assembly reference?)
Assets\Tests\Runtime\TestCases\SystemIntegrationTestCase.cs(155,13): error CS0246: The type or namespace name 'SliderBasedUISystem' could not be found (are you missing a using directive or an assembly reference?)
Assets\Tests\Runtime\TestCases\SystemIntegrationTestCase.cs(156,13): error CS0246: The type or namespace name 'RuntimeTerrainManager' could not be found (are you missing a using directive or an assembly reference?)
Assets\Tests\Runtime\TestCases\UISystemTestCase.cs(119,47): error CS0246: The type or namespace name 'SliderBasedUISystem' could not be found (are you missing a using directive or an assembly reference?)
Assets\Tests\Runtime\TestCases\UISystemTestCase.cs(177,46): error CS0246: The type or namespace name 'SliderBasedUISystem' could not be found (are you missing a using directive or an assembly reference?)
Assets\Tests\Runtime\TestCases\BiomePresetTestCase.cs(41,46): error CS0246: The type or namespace name 'BiomePresetManager' could not be found (are you missing a using directive or an assembly reference?)
Assets\Tests\Runtime\TestCases\UISystemTestCase.cs(224,48): error CS0246: The type or namespace name 'SliderBasedUISystem' could not be found (are you missing a using directive or an assembly reference?)
Assets\Tests\Runtime\VastcoreIntegrationTestManager.cs(297,16): error CS0246: The type or namespace name 'PrimitiveTerrainManager' could not be found (are you missing a using directive or an assembly reference?)
Assets\Tests\Runtime\TestCases\UISystemTestCase.cs(278,17): error CS0246: The type or namespace name 'SliderBasedUISystem' could not be found (are you missing a using directive or an assembly reference?)
Assets\Tests\Runtime\TestCases\BiomePresetTestCase.cs(88,53): error CS0246: The type or namespace name 'BiomePresetManager' could not be found (are you missing a using directive or an assembly reference?)
Assets\Tests\Runtime\VastcoreIntegrationTestManager.cs(298,16): error CS0246: The type or namespace name 'BiomePresetManager' could not be found (are you missing a using directive or an assembly reference?)
Assets\Tests\Runtime\TestCases\UISystemTestCase.cs(290,34): error CS0246: The type or namespace name 'UIStyle' could not be found (are you missing a using directive or an assembly reference?)
Assets\Tests\Runtime\TestCases\UISystemTestCase.cs(290,50): error CS0246: The type or namespace name 'UIStyle' could not be found (are you missing a using directive or an assembly reference?)
Assets\Tests\Runtime\TestCases\PrimitiveGenerationTestCase.cs(40,51): error CS0246: The type or namespace name 'PrimitiveTerrainManager' could not be found (are you missing a using directive or an assembly reference?)
Assets\Tests\Runtime\TestCases\BiomePresetTestCase.cs(140,47): error CS0246: The type or namespace name 'BiomePresetManager' could not be found (are you missing a using directive or an assembly reference?)
Assets\Tests\Runtime\TestCases\BiomePresetTestCase.cs(199,47): error CS0246: The type or namespace name 'BiomePresetManager' could not be found (are you missing a using directive or an assembly reference?)
Assets\Tests\Runtime\TestCases\PrimitiveGenerationTestCase.cs(65,50): error CS0246: The type or namespace name 'PrimitiveTerrainManager' could not be found (are you missing a using directive or an assembly reference?)
Assets\Tests\Runtime\TestCases\PrimitiveGenerationTestCase.cs(194,50): error CS0246: The type or namespace name 'PrimitiveTerrainManager' could not be found (are you missing a using directive or an assembly reference?)
Assets\Tests\Runtime\VastcoreIntegrationTestManager.cs(299,16): error CS0246: The type or namespace name 'SliderBasedUISystem' could not be found (are you missing a using directive or an assembly reference?)
Assets\Tests\Runtime\VastcoreIntegrationTestManager.cs(300,16): error CS0246: The type or namespace name 'PerformanceMonitor' could not be found (are you missing a using directive or an assembly reference?)
Assets\Tests\Runtime\VastcoreIntegrationTestManager.cs(29,34): error CS0246: The type or namespace name 'PrimitiveTerrainManager' could not be found (are you missing a using directive or an assembly reference?)
Assets\Tests\Runtime\VastcoreIntegrationTestManager.cs(30,34): error CS0246: The type or namespace name 'BiomePresetManager' could not be found (are you missing a using directive or an assembly reference?)
Assets\Tests\Runtime\VastcoreIntegrationTestManager.cs(31,34): error CS0246: The type or namespace name 'SliderBasedUISystem' could not be found (are you missing a using directive or an assembly reference?)
Assets\Tests\Runtime\VastcoreIntegrationTestManager.cs(32,34): error CS0246: The type or namespace name 'PerformanceMonitor' could not be found (are you missing a using directive or an assembly reference?)
